<?xml version="1.0" encoding="UTF-8"?>
<beans xmlns="http://www.springframework.org/schema/beans"
	xmlns:xsi="http://www.w3.org/2001/XMLSchema-instance"
	xmlns:aop="http://www.springframework.org/schema/aop"
	xmlns:jdbc="http://www.springframework.org/schema/jdbc"
	xmlns:mybatis-spring="http://mybatis.org/schema/mybatis-spring"
	xmlns:context="http://www.springframework.org/schema/context"
	xsi:schemaLocation="http://www.springframework.org/schema/jdbc http://www.springframework.org/schema/jdbc/spring-jdbc-3.2.xsd
		http://mybatis.org/schema/mybatis-spring http://mybatis.org/schema/mybatis-spring-1.2.xsd
		http://www.springframework.org/schema/beans http://www.springframework.org/schema/beans/spring-beans.xsd
		http://www.springframework.org/schema/context http://www.springframework.org/schema/context/spring-context-3.2.xsd
		http://www.springframework.org/schema/aop http://www.springframework.org/schema/aop/spring-aop.xsd">
	
	<!-- H2 dataSource for junit -->
    <bean id="h2DataSource" class="org.springframework.jdbc.datasource.DriverManagerDataSource">
        <property name="driverClassName" value="org.h2.Driver"></property>
        <property name="url" value="jdbc:h2:tcp://localhost:9092/~/test"></property>
        <property name="username" value="sa"></property>
        <property name="password" value=""></property>
    </bean>    

	<!-- Vertica dataSource for junit -->
    <bean id="verticaDataSource" class="org.springframework.jdbc.datasource.DriverManagerDataSource">
        <property name="driverClassName" value="com.vertica.jdbc.Driver"></property>
        <property name="url" value="jdbc:vertica://192.168.70.232:5433/CENVT"></property>
        <property name="username" value="dbadmin"></property>
        <property name="password" value="dbadmin"></property>
    </bean>

	<!-- H2 mybatis SqlSessionFactoryBean -->
    <bean id="h2SqlSessionFactory" class="org.mybatis.spring.SqlSessionFactoryBean">
        <property name="dataSource" ref="h2DataSource"></property>
    </bean>
    
	<!-- Vertica mybatis SqlSessionFactoryBean -->
    <bean id="verticaSqlSessionFactory" class="org.mybatis.spring.SqlSessionFactoryBean">
        <property name="dataSource" ref="verticaDataSource"></property>
    </bean>

</beans>
